<?xml version="1.0" encoding="UTF-8"?>
<!-- Generated by org.testng.reporters.JUnitReportReporter -->
<testsuite skipped="0" hostname="Sarif-PC" name="Selenium4.Selenium4.WindowTest" tests="1" failures="0" timestamp="07 Jan 2020 21:46:06 GMT" time="22.701" errors="0">
  <testcase name="openNewWindow" time="22.701" classname="Selenium4.Selenium4.WindowTest"/>
</testsuite> <!-- Selenium4.Selenium4.WindowTest -->
