<?xml version="1.0" encoding="UTF-8"?>
<!-- Generated by org.testng.reporters.JUnitReportReporter -->
<testsuite skipped="0" hostname="Sarif-PC" name="Selenium4.Selenium4.Selenium4ScreenShot" tests="1" failures="0" timestamp="07 Jan 2020 16:21:15 GMT" time="20.990" errors="0">
  <testcase name="takeScreenShot" time="20.990" classname="Selenium4.Selenium4.Selenium4ScreenShot"/>
</testsuite> <!-- Selenium4.Selenium4.Selenium4ScreenShot -->
